2021-10-25 20:55:39,905:2272:INFO:logging service started
2021-10-25 20:55:39,905:2272:INFO:initializing Root UI
2021-10-25 20:55:49,727:2272:INFO:new button callback
2021-10-25 20:55:50,362:2272:INFO:UTAU import button callback
2021-10-25 20:55:50,411:2272:INFO:Initializing UTAU import UI
2021-10-25 20:55:51,439:2272:INFO:oto.ini load button callback
2021-10-25 21:04:34,521:2272:INFO:UTAU import all button callback
2021-10-25 21:06:05,832:2272:INFO:UTAU OK button callback
2021-10-25 21:06:08,181:2272:INFO:Crfai button callback
2021-10-25 21:06:08,247:2272:INFO:Initializing Crfai UI
2021-10-25 21:06:09,746:2272:INFO:Crfai train button callback
2021-10-25 21:15:31,224:3800:INFO:logging service started
2021-10-25 21:15:31,225:3800:INFO:initializing Root UI
2021-10-25 21:15:35,927:3800:INFO:new button callback
2021-10-25 21:15:36,369:3800:INFO:UTAU import button callback
2021-10-25 21:15:36,428:3800:INFO:Initializing UTAU import UI
2021-10-25 21:15:38,702:3800:INFO:oto.ini load button callback
2021-10-25 21:16:53,815:3800:INFO:UTAU import all button callback
2021-10-25 21:17:31,205:3800:INFO:UTAU OK button callback
2021-10-25 21:17:32,108:3800:INFO:Crfai button callback
2021-10-25 21:17:32,156:3800:INFO:Initializing Crfai UI
2021-10-25 21:17:34,259:3800:INFO:Crfai train button callback
2021-10-25 22:28:19,424:3800:INFO:Crfai train button callback completed
2021-10-25 22:35:39,757:3800:INFO:Crfai OK button callback
2021-10-25 22:35:42,322:3800:INFO:save button callback
2021-10-25 22:35:50,555:3800:INFO:Root UI destroyed
2021-10-26 10:34:25,109:740:INFO:logging service started
2021-10-26 10:34:25,128:740:INFO:initializing Root UI
2021-10-26 10:34:32,882:740:INFO:new button callback
2021-10-26 10:34:33,386:740:INFO:UTAU import button callback
2021-10-26 10:34:33,433:740:INFO:Initializing UTAU import UI
2021-10-26 10:34:35,370:740:INFO:oto.ini load button callback
2021-10-26 10:35:48,747:740:INFO:UTAU import all button callback
2021-10-26 10:36:22,140:740:INFO:UTAU OK button callback
2021-10-26 10:36:23,164:740:INFO:PhonemeDict button callback
2021-10-26 10:36:23,212:740:INFO:Initializing Phonemedict UI
2021-10-26 10:36:24,317:740:INFO:Phonemedict selection change callback
2021-10-26 10:36:24,318:740:INFO:Phonemedict slider properties update callback
2021-10-26 10:36:24,319:740:INFO:Phonemedict slider movement callback
2021-10-26 10:36:27,313:740:INFO:Phonemedict slider movement callback
2021-10-26 10:36:27,442:740:INFO:Phonemedict slider movement callback
2021-10-26 10:36:27,593:740:INFO:Phonemedict slider movement callback
2021-10-26 10:36:27,712:740:INFO:Phonemedict slider movement callback
2021-10-26 10:36:27,839:740:INFO:Phonemedict slider movement callback
2021-10-26 10:36:27,962:740:INFO:Phonemedict slider movement callback
2021-10-26 10:36:28,069:740:INFO:Phonemedict slider movement callback
2021-10-26 10:36:28,178:740:INFO:Phonemedict slider movement callback
2021-10-26 10:36:28,301:740:INFO:Phonemedict slider movement callback
2021-10-26 10:36:28,419:740:INFO:Phonemedict slider movement callback
2021-10-26 10:36:28,541:740:INFO:Phonemedict slider movement callback
2021-10-26 10:36:28,675:740:INFO:Phonemedict slider movement callback
2021-10-26 10:36:28,799:740:INFO:Phonemedict slider movement callback
2021-10-26 10:36:28,930:740:INFO:Phonemedict slider movement callback
2021-10-26 10:36:29,051:740:INFO:Phonemedict slider movement callback
2021-10-26 10:36:29,182:740:INFO:Phonemedict slider movement callback
2021-10-26 10:36:29,304:740:INFO:Phonemedict slider movement callback
2021-10-26 10:36:29,431:740:INFO:Phonemedict slider movement callback
2021-10-26 10:36:29,563:740:INFO:Phonemedict slider movement callback
2021-10-26 10:36:29,701:740:INFO:Phonemedict slider movement callback
2021-10-26 10:36:29,809:740:INFO:Phonemedict slider movement callback
2021-10-26 10:36:29,945:740:INFO:Phonemedict slider movement callback
2021-10-26 10:36:30,065:740:INFO:Phonemedict slider movement callback
2021-10-26 10:36:30,181:740:INFO:Phonemedict slider movement callback
2021-10-26 10:36:30,333:740:INFO:Phonemedict slider movement callback
2021-10-26 10:36:35,308:740:INFO:Phonemedict slider movement callback
2021-10-26 10:36:35,425:740:INFO:Phonemedict slider movement callback
2021-10-26 10:36:35,541:740:INFO:Phonemedict slider movement callback
2021-10-26 10:36:35,660:740:INFO:Phonemedict slider movement callback
2021-10-26 10:36:35,769:740:INFO:Phonemedict slider movement callback
2021-10-26 10:36:35,897:740:INFO:Phonemedict slider movement callback
2021-10-26 10:36:36,015:740:INFO:Phonemedict slider movement callback
2021-10-26 10:36:36,122:740:INFO:Phonemedict slider movement callback
2021-10-26 10:36:36,247:740:INFO:Phonemedict slider movement callback
2021-10-26 10:36:36,405:740:INFO:Phonemedict slider movement callback
2021-10-26 10:36:36,523:740:INFO:Phonemedict slider movement callback
2021-10-26 10:36:36,649:740:INFO:Phonemedict slider movement callback
2021-10-26 10:36:36,779:740:INFO:Phonemedict slider movement callback
2021-10-26 10:36:36,912:740:INFO:Phonemedict slider movement callback
2021-10-26 10:36:37,042:740:INFO:Phonemedict slider movement callback
2021-10-26 10:36:37,151:740:INFO:Phonemedict slider movement callback
2021-10-26 10:36:37,257:740:INFO:Phonemedict slider movement callback
2021-10-26 10:36:37,396:740:INFO:Phonemedict slider movement callback
2021-10-26 10:36:37,515:740:INFO:Phonemedict slider movement callback
2021-10-26 10:36:37,823:740:INFO:Phonemedict slider movement callback
2021-10-26 10:36:37,948:740:INFO:Phonemedict slider movement callback
2021-10-26 10:36:38,076:740:INFO:Phonemedict slider movement callback
2021-10-26 10:36:38,194:740:INFO:Phonemedict slider movement callback
2021-10-26 10:36:38,328:740:INFO:Phonemedict slider movement callback
2021-10-26 10:36:38,450:740:INFO:Phonemedict slider movement callback
2021-10-26 10:36:38,569:740:INFO:Phonemedict slider movement callback
2021-10-26 10:36:38,687:740:INFO:Phonemedict slider movement callback
2021-10-26 10:36:38,808:740:INFO:Phonemedict slider movement callback
2021-10-26 10:36:38,935:740:INFO:Phonemedict slider movement callback
2021-10-26 10:36:39,052:740:INFO:Phonemedict slider movement callback
2021-10-26 10:36:39,174:740:INFO:Phonemedict slider movement callback
2021-10-26 10:36:39,295:740:INFO:Phonemedict slider movement callback
2021-10-26 10:36:39,423:740:INFO:Phonemedict slider movement callback
2021-10-26 10:36:39,543:740:INFO:Phonemedict slider movement callback
2021-10-26 10:36:39,666:740:INFO:Phonemedict slider movement callback
2021-10-26 10:36:39,785:740:INFO:Phonemedict slider movement callback
2021-10-26 10:36:39,902:740:INFO:Phonemedict slider movement callback
2021-10-26 10:36:40,019:740:INFO:Phonemedict slider movement callback
2021-10-26 10:36:40,133:740:INFO:Phonemedict slider movement callback
2021-10-26 10:36:48,642:740:INFO:Phonemedict list focus loss callback
2021-10-26 10:37:25,011:740:INFO:Phonemedict list focus loss callback
2021-10-26 10:37:35,160:17124:INFO:logging service started
2021-10-26 10:37:35,161:17124:INFO:initializing Root UI
2021-10-26 10:37:36,664:17124:INFO:new button callback
2021-10-26 10:37:37,113:17124:INFO:UTAU import button callback
2021-10-26 10:37:37,159:17124:INFO:Initializing UTAU import UI
2021-10-26 10:37:38,657:17124:INFO:oto.ini load button callback
2021-10-26 10:38:40,888:17124:INFO:UTAU import all button callback
2021-10-26 10:39:15,804:17124:INFO:UTAU OK button callback
2021-10-26 10:39:16,699:17124:INFO:PhonemeDict button callback
2021-10-26 10:39:16,746:17124:INFO:Initializing Phonemedict UI
2021-10-26 10:39:17,811:17124:INFO:Phonemedict selection change callback
2021-10-26 10:39:17,812:17124:INFO:Phonemedict slider properties update callback
2021-10-26 10:39:17,813:17124:INFO:Phonemedict slider movement callback
2021-10-26 10:39:20,266:17124:INFO:Phonemedict slider movement callback
2021-10-26 10:39:20,398:17124:INFO:Phonemedict slider movement callback
2021-10-26 10:39:20,552:17124:INFO:Phonemedict slider movement callback
2021-10-26 10:39:20,675:17124:INFO:Phonemedict slider movement callback
2021-10-26 10:39:20,786:17124:INFO:Phonemedict slider movement callback
2021-10-26 10:39:20,895:17124:INFO:Phonemedict slider movement callback
2021-10-26 10:39:21,005:17124:INFO:Phonemedict slider movement callback
2021-10-26 10:39:21,118:17124:INFO:Phonemedict slider movement callback
2021-10-26 10:39:21,233:17124:INFO:Phonemedict slider movement callback
2021-10-26 10:39:21,351:17124:INFO:Phonemedict slider movement callback
2021-10-26 10:39:21,465:17124:INFO:Phonemedict slider movement callback
2021-10-26 10:39:21,581:17124:INFO:Phonemedict slider movement callback
2021-10-26 10:39:21,715:17124:INFO:Phonemedict slider movement callback
2021-10-26 10:39:21,824:17124:INFO:Phonemedict slider movement callback
2021-10-26 10:39:21,933:17124:INFO:Phonemedict slider movement callback
2021-10-26 10:39:22,057:17124:INFO:Phonemedict slider movement callback
2021-10-26 10:39:22,183:17124:INFO:Phonemedict slider movement callback
2021-10-26 10:39:22,290:17124:INFO:Phonemedict slider movement callback
2021-10-26 10:39:22,414:17124:INFO:Phonemedict slider movement callback
2021-10-26 10:39:22,521:17124:INFO:Phonemedict slider movement callback
2021-10-26 10:39:22,753:17124:INFO:Phonemedict slider movement callback
2021-10-26 10:39:22,879:17124:INFO:Phonemedict slider movement callback
2021-10-26 10:39:22,985:17124:INFO:Phonemedict slider movement callback
2021-10-26 10:39:23,091:17124:INFO:Phonemedict slider movement callback
2021-10-26 10:39:23,202:17124:INFO:Phonemedict slider movement callback
2021-10-26 10:39:23,310:17124:INFO:Phonemedict slider movement callback
2021-10-26 10:39:23,425:17124:INFO:Phonemedict slider movement callback
2021-10-26 10:39:23,538:17124:INFO:Phonemedict slider movement callback
2021-10-26 10:39:23,648:17124:INFO:Phonemedict slider movement callback
2021-10-26 10:39:23,754:17124:INFO:Phonemedict slider movement callback
2021-10-26 10:39:23,862:17124:INFO:Phonemedict slider movement callback
2021-10-26 10:39:27,275:17124:INFO:Phonemedict list focus loss callback
2021-10-26 10:39:38,079:17124:INFO:Phonemedict list focus loss callback
2021-10-26 10:39:56,610:17124:INFO:Phonemedict list focus loss callback
2021-10-26 10:42:06,913:15752:INFO:logging service started
2021-10-26 10:42:06,913:15752:INFO:initializing Root UI
2021-10-26 10:42:09,740:15752:INFO:new button callback
2021-10-26 10:42:10,756:15752:INFO:UTAU import button callback
2021-10-26 10:42:10,803:15752:INFO:Initializing UTAU import UI
2021-10-26 10:42:13,210:15752:INFO:oto.ini load button callback
2021-10-26 10:43:16,761:15752:INFO:UTAU import all button callback
2021-10-26 10:43:20,683:15752:INFO:PhonemeDict button callback
2021-10-26 10:43:20,736:15752:INFO:Initializing Phonemedict UI
2021-10-26 10:43:29,944:15752:INFO:Phonemedict OK button callback
2021-10-26 10:43:31,275:15752:INFO:UTAU import all button callback
2021-10-26 10:44:00,570:15752:INFO:UTAU OK button callback
2021-10-26 10:44:03,049:15752:INFO:PhonemeDict button callback
2021-10-26 10:44:03,095:15752:INFO:Initializing Phonemedict UI
2021-10-26 10:44:03,865:15752:INFO:Phonemedict selection change callback
2021-10-26 10:44:03,866:15752:INFO:Phonemedict slider properties update callback
2021-10-26 10:44:03,867:15752:INFO:Phonemedict slider movement callback
2021-10-26 10:44:08,741:15752:INFO:Phonemedict slider movement callback
2021-10-26 10:44:08,896:15752:INFO:Phonemedict slider movement callback
2021-10-26 10:44:09,021:15752:INFO:Phonemedict slider movement callback
2021-10-26 10:44:09,141:15752:INFO:Phonemedict slider movement callback
2021-10-26 10:44:09,254:15752:INFO:Phonemedict slider movement callback
2021-10-26 10:44:09,361:15752:INFO:Phonemedict slider movement callback
2021-10-26 10:44:09,485:15752:INFO:Phonemedict slider movement callback
2021-10-26 10:44:09,612:15752:INFO:Phonemedict slider movement callback
2021-10-26 10:44:09,717:15752:INFO:Phonemedict slider movement callback
2021-10-26 10:44:09,831:15752:INFO:Phonemedict slider movement callback
2021-10-26 10:44:09,950:15752:INFO:Phonemedict slider movement callback
2021-10-26 10:44:10,057:15752:INFO:Phonemedict slider movement callback
2021-10-26 10:44:10,176:15752:INFO:Phonemedict slider movement callback
2021-10-26 10:44:10,301:15752:INFO:Phonemedict slider movement callback
2021-10-26 10:44:10,422:15752:INFO:Phonemedict slider movement callback
2021-10-26 10:44:10,549:15752:INFO:Phonemedict slider movement callback
2021-10-26 10:44:10,668:15752:INFO:Phonemedict slider movement callback
2021-10-26 10:44:10,786:15752:INFO:Phonemedict slider movement callback
2021-10-26 10:44:10,904:15752:INFO:Phonemedict slider movement callback
2021-10-26 10:44:11,029:15752:INFO:Phonemedict slider movement callback
2021-10-26 10:44:11,151:15752:INFO:Phonemedict slider movement callback
2021-10-26 10:44:11,288:15752:INFO:Phonemedict slider movement callback
2021-10-26 10:44:11,407:15752:INFO:Phonemedict slider movement callback
2021-10-26 10:44:11,537:15752:INFO:Phonemedict slider movement callback
2021-10-26 10:44:11,655:15752:INFO:Phonemedict slider movement callback
2021-10-26 10:44:11,772:15752:INFO:Phonemedict slider movement callback
2021-10-26 10:44:11,892:15752:INFO:Phonemedict slider movement callback
2021-10-26 10:44:17,859:15752:INFO:Phonemedict list focus loss callback
2021-10-26 10:52:45,611:2164:INFO:logging service started
2021-10-26 10:52:45,611:2164:INFO:initializing Root UI
2021-10-26 10:52:47,380:2164:INFO:new button callback
2021-10-26 10:52:47,848:2164:INFO:UTAU import button callback
2021-10-26 10:52:47,897:2164:INFO:Initializing UTAU import UI
2021-10-26 10:52:50,045:2164:INFO:oto.ini load button callback
2021-10-26 11:07:31,249:2164:INFO:UTAU import all button callback
2021-10-26 11:08:07,716:14812:INFO:logging service started
2021-10-26 11:08:07,717:14812:INFO:initializing Root UI
2021-10-26 11:08:11,152:14812:INFO:new button callback
2021-10-26 11:08:11,614:14812:INFO:UTAU import button callback
2021-10-26 11:08:11,662:14812:INFO:Initializing UTAU import UI
2021-10-26 11:08:13,802:14812:INFO:oto.ini load button callback
2021-10-26 11:09:22,805:14812:INFO:UTAU import all button callback
2021-10-26 11:11:09,388:8028:INFO:logging service started
2021-10-26 11:11:09,389:8028:INFO:initializing Root UI
2021-10-26 11:11:10,962:8028:INFO:new button callback
2021-10-26 11:11:11,800:8028:INFO:UTAU import button callback
2021-10-26 11:11:11,846:8028:INFO:Initializing UTAU import UI
2021-10-26 11:11:12,818:8028:INFO:oto.ini load button callback
2021-10-26 11:12:16,750:8028:INFO:UTAU import all button callback
2021-10-26 11:13:21,959:21756:INFO:logging service started
2021-10-26 11:13:21,960:21756:INFO:initializing Root UI
2021-10-26 11:13:23,308:21756:INFO:new button callback
2021-10-26 11:13:23,746:21756:INFO:UTAU import button callback
2021-10-26 11:13:23,793:21756:INFO:Initializing UTAU import UI
2021-10-26 11:13:24,731:21756:INFO:oto.ini load button callback
2021-10-26 11:14:26,203:21756:INFO:UTAU import all button callback
2021-10-26 11:16:31,070:11428:INFO:logging service started
2021-10-26 11:16:31,071:11428:INFO:initializing Root UI
2021-10-26 11:16:34,071:11428:INFO:new button callback
2021-10-26 11:16:34,679:11428:INFO:UTAU import button callback
2021-10-26 11:16:34,726:11428:INFO:Initializing UTAU import UI
2021-10-26 11:16:37,143:11428:INFO:oto.ini load button callback
2021-10-26 11:17:42,067:11428:INFO:UTAU import all button callback
2021-10-26 11:19:29,606:16928:INFO:logging service started
2021-10-26 11:19:29,606:16928:INFO:initializing Root UI
2021-10-26 11:19:31,292:16928:INFO:new button callback
2021-10-26 11:19:31,888:16928:INFO:UTAU import button callback
2021-10-26 11:19:31,935:16928:INFO:Initializing UTAU import UI
2021-10-26 11:19:43,195:16928:INFO:oto.ini load button callback
2021-10-26 11:20:43,889:16928:INFO:UTAU sample list selection change callback
2021-10-26 11:20:43,889:16928:INFO:UTAU diagram update callback
2021-10-26 11:20:49,308:16928:INFO:UTAU import all button callback
2021-10-26 11:21:02,289:16928:INFO:UTAU sample list focus loss callback
2021-10-26 11:21:11,018:11812:INFO:logging service started
2021-10-26 11:21:11,019:11812:INFO:initializing Root UI
2021-10-26 11:21:12,285:11812:INFO:new button callback
2021-10-26 11:21:15,228:11812:INFO:UTAU import button callback
2021-10-26 11:21:15,274:11812:INFO:Initializing UTAU import UI
2021-10-26 11:21:17,283:11812:INFO:oto.ini load button callback
2021-10-26 11:22:20,167:11812:INFO:UTAU import all button callback
2021-10-26 11:22:54,720:22368:INFO:logging service started
2021-10-26 11:22:54,720:22368:INFO:initializing Root UI
2021-10-26 11:23:15,087:22368:INFO:Root UI destroyed
2021-10-26 11:23:25,776:7000:INFO:logging service started
2021-10-26 11:23:25,776:7000:INFO:initializing Root UI
2021-10-26 11:23:27,077:7000:INFO:new button callback
2021-10-26 11:23:31,284:7000:INFO:UTAU import button callback
2021-10-26 11:23:31,331:7000:INFO:Initializing UTAU import UI
2021-10-26 11:23:33,481:7000:INFO:oto.ini load button callback
2021-10-26 11:24:36,249:7000:INFO:UTAU import all button callback
2021-10-26 11:26:00,476:22216:INFO:logging service started
2021-10-26 11:26:00,476:22216:INFO:initializing Root UI
2021-10-26 11:26:01,927:22216:INFO:new button callback
2021-10-26 11:26:02,350:22216:INFO:UTAU import button callback
2021-10-26 11:26:02,397:22216:INFO:Initializing UTAU import UI
2021-10-26 11:26:04,889:22216:INFO:oto.ini load button callback
2021-10-26 11:27:50,815:22216:INFO:UTAU import all button callback
2021-10-26 11:29:10,078:22216:INFO:UTAU OK button callback
2021-10-26 11:29:10,786:22216:INFO:PhonemeDict button callback
2021-10-26 11:29:10,836:22216:INFO:Initializing Phonemedict UI
2021-10-26 11:29:11,789:22216:INFO:Phonemedict selection change callback
2021-10-26 11:29:11,790:22216:INFO:Phonemedict slider properties update callback
2021-10-26 11:29:11,791:22216:INFO:Phonemedict slider movement callback
2021-10-26 11:29:14,076:22216:INFO:Phonemedict slider movement callback
2021-10-26 11:29:14,188:22216:INFO:Phonemedict slider movement callback
2021-10-26 11:29:14,352:22216:INFO:Phonemedict slider movement callback
2021-10-26 11:29:14,463:22216:INFO:Phonemedict slider movement callback
2021-10-26 11:29:14,572:22216:INFO:Phonemedict slider movement callback
2021-10-26 11:29:14,686:22216:INFO:Phonemedict slider movement callback
2021-10-26 11:29:14,812:22216:INFO:Phonemedict slider movement callback
2021-10-26 11:29:14,930:22216:INFO:Phonemedict slider movement callback
2021-10-26 11:29:15,164:22216:INFO:Phonemedict slider movement callback
2021-10-26 11:29:16,575:22216:INFO:Phonemedict slider movement callback
2021-10-26 11:29:16,747:22216:INFO:Phonemedict slider movement callback
2021-10-26 11:29:16,859:22216:INFO:Phonemedict slider movement callback
2021-10-26 11:29:17,050:22216:INFO:Phonemedict slider movement callback
2021-10-26 11:29:17,171:22216:INFO:Phonemedict slider movement callback
2021-10-26 11:29:17,293:22216:INFO:Phonemedict slider movement callback
2021-10-26 11:29:17,410:22216:INFO:Phonemedict slider movement callback
2021-10-26 11:29:17,537:22216:INFO:Phonemedict slider movement callback
2021-10-26 11:29:17,650:22216:INFO:Phonemedict slider movement callback
2021-10-26 11:29:17,767:22216:INFO:Phonemedict slider movement callback
2021-10-26 11:29:19,015:22216:INFO:Phonemedict slider movement callback
2021-10-26 11:29:19,135:22216:INFO:Phonemedict slider movement callback
2021-10-26 11:29:19,271:22216:INFO:Phonemedict slider movement callback
2021-10-26 11:29:19,382:22216:INFO:Phonemedict slider movement callback
2021-10-26 11:29:19,499:22216:INFO:Phonemedict slider movement callback
2021-10-26 11:29:19,615:22216:INFO:Phonemedict slider movement callback
2021-10-26 11:29:19,734:22216:INFO:Phonemedict slider movement callback
2021-10-26 11:29:19,848:22216:INFO:Phonemedict slider movement callback
2021-10-26 11:29:19,974:22216:INFO:Phonemedict slider movement callback
2021-10-26 11:29:20,099:22216:INFO:Phonemedict slider movement callback
2021-10-26 11:29:20,226:22216:INFO:Phonemedict slider movement callback
2021-10-26 11:29:21,201:22216:INFO:Phonemedict slider movement callback
2021-10-26 11:29:21,310:22216:INFO:Phonemedict slider movement callback
2021-10-26 11:29:21,433:22216:INFO:Phonemedict slider movement callback
2021-10-26 11:29:21,552:22216:INFO:Phonemedict slider movement callback
2021-10-26 11:29:21,666:22216:INFO:Phonemedict slider movement callback
2021-10-26 11:29:21,781:22216:INFO:Phonemedict slider movement callback
2021-10-26 11:29:21,893:22216:INFO:Phonemedict slider movement callback
2021-10-26 11:29:22,056:22216:INFO:Phonemedict slider movement callback
2021-10-26 11:29:22,187:22216:INFO:Phonemedict slider movement callback
2021-10-26 11:29:40,452:22216:INFO:Phonemedict OK button callback
2021-10-26 11:29:40,453:22216:INFO:Phonemedict key change callback
2021-10-26 11:29:40,453:22216:INFO:Phonemedict pitch update callback
2021-10-26 11:29:40,453:22216:INFO:Phonemedict spectral update callback
2021-10-26 11:33:11,266:580:INFO:logging service started
2021-10-26 11:33:11,266:580:INFO:initializing Root UI
2021-10-26 11:33:14,102:580:INFO:new button callback
2021-10-26 11:33:14,775:580:INFO:UTAU import button callback
2021-10-26 11:33:14,823:580:INFO:Initializing UTAU import UI
2021-10-26 11:33:16,748:580:INFO:oto.ini load button callback
2021-10-26 11:34:20,327:580:INFO:UTAU import all button callback
2021-10-26 11:35:00,095:580:INFO:UTAU OK button callback
2021-10-26 11:35:00,929:580:INFO:PhonemeDict button callback
2021-10-26 11:35:00,977:580:INFO:Initializing Phonemedict UI
2021-10-26 11:35:01,852:580:INFO:Phonemedict selection change callback
2021-10-26 11:35:01,853:580:INFO:Phonemedict slider properties update callback
2021-10-26 11:35:01,854:580:INFO:Phonemedict slider movement callback
2021-10-26 11:35:11,595:580:INFO:Phonemedict OK button callback
2021-10-26 11:35:11,595:580:INFO:Phonemedict key change callback
2021-10-26 11:35:11,595:580:INFO:Phonemedict pitch update callback
2021-10-26 11:35:11,595:580:INFO:Phonemedict spectral update callback
2021-10-26 11:35:56,839:19732:INFO:logging service started
2021-10-26 11:35:56,839:19732:INFO:initializing Root UI
2021-10-26 11:35:58,356:19732:INFO:new button callback
2021-10-26 11:35:58,848:19732:INFO:UTAU import button callback
2021-10-26 11:35:58,896:19732:INFO:Initializing UTAU import UI
2021-10-26 11:36:00,801:19732:INFO:oto.ini load button callback
2021-10-26 11:37:05,589:19732:INFO:oto.ini load button callback
2021-10-26 11:37:10,072:19732:INFO:UTAU import all button callback
2021-10-26 11:37:44,824:19732:INFO:UTAU OK button callback
2021-10-26 11:37:45,547:19732:INFO:PhonemeDict button callback
2021-10-26 11:37:45,596:19732:INFO:Initializing Phonemedict UI
2021-10-26 11:37:46,422:19732:INFO:Phonemedict selection change callback
2021-10-26 11:37:46,423:19732:INFO:Phonemedict slider properties update callback
2021-10-26 11:37:46,424:19732:INFO:Phonemedict slider movement callback
2021-10-26 11:37:56,676:19732:INFO:Phonemedict list focus loss callback
2021-10-26 11:38:08,799:19732:INFO:Phonemedict slider movement callback
2021-10-26 11:38:08,924:19732:INFO:Phonemedict slider movement callback
2021-10-26 11:38:09,084:19732:INFO:Phonemedict slider movement callback
2021-10-26 11:38:09,202:19732:INFO:Phonemedict slider movement callback
2021-10-26 11:38:09,318:19732:INFO:Phonemedict slider movement callback
2021-10-26 11:38:09,440:19732:INFO:Phonemedict slider movement callback
2021-10-26 11:38:09,568:19732:INFO:Phonemedict slider movement callback
2021-10-26 11:38:09,913:19732:INFO:Phonemedict slider movement callback
2021-10-26 11:38:10,058:19732:INFO:Phonemedict slider movement callback
2021-10-26 11:38:10,249:19732:INFO:Phonemedict slider movement callback
2021-10-26 11:38:10,499:19732:INFO:Phonemedict slider movement callback
2021-10-26 11:38:10,643:19732:INFO:Phonemedict slider movement callback
2021-10-26 11:38:10,861:19732:INFO:Phonemedict slider movement callback
2021-10-26 11:38:11,187:19732:INFO:Phonemedict slider movement callback
2021-10-26 11:38:11,303:19732:INFO:Phonemedict slider movement callback
2021-10-26 11:38:11,431:19732:INFO:Phonemedict slider movement callback
2021-10-26 11:38:11,547:19732:INFO:Phonemedict slider movement callback
2021-10-26 11:38:11,668:19732:INFO:Phonemedict slider movement callback
2021-10-26 11:38:11,789:19732:INFO:Phonemedict slider movement callback
2021-10-26 11:38:11,910:19732:INFO:Phonemedict slider movement callback
2021-10-26 11:38:12,033:19732:INFO:Phonemedict slider movement callback
2021-10-26 11:38:12,144:19732:INFO:Phonemedict slider movement callback
2021-10-26 11:38:12,259:19732:INFO:Phonemedict slider movement callback
2021-10-26 11:38:12,379:19732:INFO:Phonemedict slider movement callback
2021-10-26 11:38:12,491:19732:INFO:Phonemedict slider movement callback
2021-10-26 11:38:12,608:19732:INFO:Phonemedict slider movement callback
2021-10-26 11:38:12,745:19732:INFO:Phonemedict slider movement callback
2021-10-26 11:38:12,868:19732:INFO:Phonemedict slider movement callback
2021-10-26 11:38:13,134:19732:INFO:Phonemedict slider movement callback
2021-10-26 11:38:13,248:19732:INFO:Phonemedict slider movement callback
2021-10-26 11:38:13,365:19732:INFO:Phonemedict slider movement callback
2021-10-26 11:38:13,488:19732:INFO:Phonemedict slider movement callback
2021-10-26 11:38:13,604:19732:INFO:Phonemedict slider movement callback
2021-10-26 11:38:13,716:19732:INFO:Phonemedict slider movement callback
2021-10-26 11:38:13,832:19732:INFO:Phonemedict slider movement callback
2021-10-26 11:38:13,952:19732:INFO:Phonemedict slider movement callback
2021-10-26 11:38:14,067:19732:INFO:Phonemedict slider movement callback
2021-10-26 11:38:14,203:19732:INFO:Phonemedict slider movement callback
2021-10-26 11:38:14,316:19732:INFO:Phonemedict slider movement callback
2021-10-26 11:38:14,484:19732:INFO:Phonemedict slider movement callback
2021-10-26 11:38:14,594:19732:INFO:Phonemedict slider movement callback
2021-10-26 11:38:14,704:19732:INFO:Phonemedict slider movement callback
2021-10-26 11:38:14,826:19732:INFO:Phonemedict slider movement callback
2021-10-26 11:38:14,944:19732:INFO:Phonemedict slider movement callback
2021-10-26 11:38:15,065:19732:INFO:Phonemedict slider movement callback
2021-10-26 11:38:15,181:19732:INFO:Phonemedict slider movement callback
2021-10-26 11:38:15,297:19732:INFO:Phonemedict slider movement callback
2021-10-26 11:38:15,410:19732:INFO:Phonemedict slider movement callback
2021-10-26 11:38:15,528:19732:INFO:Phonemedict slider movement callback
2021-10-26 11:38:15,643:19732:INFO:Phonemedict slider movement callback
2021-10-26 11:38:15,792:19732:INFO:Phonemedict slider movement callback
2021-10-26 11:38:15,910:19732:INFO:Phonemedict slider movement callback
2021-10-26 11:38:16,022:19732:INFO:Phonemedict slider movement callback
2021-10-26 11:38:16,136:19732:INFO:Phonemedict slider movement callback
2021-10-26 11:38:16,250:19732:INFO:Phonemedict slider movement callback
2021-10-26 11:38:16,380:19732:INFO:Phonemedict slider movement callback
2021-10-26 11:38:16,493:19732:INFO:Phonemedict slider movement callback
2021-10-26 11:38:16,608:19732:INFO:Phonemedict slider movement callback
2021-10-26 11:38:16,728:19732:INFO:Phonemedict slider movement callback
2021-10-26 11:38:16,842:19732:INFO:Phonemedict slider movement callback
2021-10-26 11:38:16,952:19732:INFO:Phonemedict slider movement callback
2021-10-26 11:38:17,074:19732:INFO:Phonemedict slider movement callback
2021-10-26 11:38:17,191:19732:INFO:Phonemedict slider movement callback
2021-10-26 11:38:17,303:19732:INFO:Phonemedict slider movement callback
2021-10-26 11:38:17,415:19732:INFO:Phonemedict slider movement callback
2021-10-26 11:38:17,531:19732:INFO:Phonemedict slider movement callback
2021-10-26 11:38:17,643:19732:INFO:Phonemedict slider movement callback
2021-10-26 11:38:17,759:19732:INFO:Phonemedict slider movement callback
2021-10-26 11:38:17,870:19732:INFO:Phonemedict slider movement callback
2021-10-26 11:38:17,984:19732:INFO:Phonemedict slider movement callback
2021-10-26 11:38:18,097:19732:INFO:Phonemedict slider movement callback
2021-10-26 11:38:18,209:19732:INFO:Phonemedict slider movement callback
2021-10-26 11:38:18,322:19732:INFO:Phonemedict slider movement callback
2021-10-26 11:38:18,434:19732:INFO:Phonemedict slider movement callback
2021-10-26 11:38:18,545:19732:INFO:Phonemedict slider movement callback
2021-10-26 11:38:18,656:19732:INFO:Phonemedict slider movement callback
2021-10-26 11:38:18,768:19732:INFO:Phonemedict slider movement callback
2021-10-26 11:38:18,919:19732:INFO:Phonemedict slider movement callback
2021-10-26 11:38:19,068:19732:INFO:Phonemedict slider movement callback
2021-10-26 11:38:19,193:19732:INFO:Phonemedict slider movement callback
2021-10-26 11:38:19,310:19732:INFO:Phonemedict slider movement callback
2021-10-26 11:38:19,421:19732:INFO:Phonemedict slider movement callback
2021-10-26 11:38:19,532:19732:INFO:Phonemedict slider movement callback
2021-10-26 11:38:19,652:19732:INFO:Phonemedict slider movement callback
2021-10-26 11:38:19,765:19732:INFO:Phonemedict slider movement callback
2021-10-26 11:38:19,873:19732:INFO:Phonemedict slider movement callback
2021-10-26 11:38:19,992:19732:INFO:Phonemedict slider movement callback
2021-10-26 11:38:21,422:19732:INFO:Phonemedict slider movement callback
2021-10-26 11:38:21,561:19732:INFO:Phonemedict slider movement callback
2021-10-26 11:38:21,727:19732:INFO:Phonemedict slider movement callback
2021-10-26 11:38:22,023:19732:INFO:Phonemedict slider movement callback
2021-10-26 11:38:22,139:19732:INFO:Phonemedict slider movement callback
2021-10-26 11:38:22,252:19732:INFO:Phonemedict slider movement callback
2021-10-26 11:38:23,323:19732:INFO:Phonemedict slider movement callback
2021-10-26 11:38:23,433:19732:INFO:Phonemedict slider movement callback
2021-10-26 11:38:23,553:19732:INFO:Phonemedict slider movement callback
2021-10-26 11:38:23,662:19732:INFO:Phonemedict slider movement callback
2021-10-26 11:38:23,776:19732:INFO:Phonemedict slider movement callback
2021-10-26 11:38:23,884:19732:INFO:Phonemedict slider movement callback
2021-10-26 11:38:23,995:19732:INFO:Phonemedict slider movement callback
2021-10-26 11:38:24,108:19732:INFO:Phonemedict slider movement callback
2021-10-26 11:38:24,229:19732:INFO:Phonemedict slider movement callback
2021-10-26 11:38:24,356:19732:INFO:Phonemedict slider movement callback
2021-10-26 11:38:24,485:19732:INFO:Phonemedict slider movement callback
2021-10-26 11:38:24,603:19732:INFO:Phonemedict slider movement callback
2021-10-26 11:38:24,724:19732:INFO:Phonemedict slider movement callback
2021-10-26 11:38:24,835:19732:INFO:Phonemedict slider movement callback
2021-10-26 11:38:24,959:19732:INFO:Phonemedict slider movement callback
2021-10-26 11:38:25,071:19732:INFO:Phonemedict slider movement callback
2021-10-26 11:38:25,195:19732:INFO:Phonemedict slider movement callback
2021-10-26 11:38:25,310:19732:INFO:Phonemedict slider movement callback
2021-10-26 11:38:25,449:19732:INFO:Phonemedict slider movement callback
2021-10-26 11:38:25,566:19732:INFO:Phonemedict slider movement callback
2021-10-26 11:38:25,727:19732:INFO:Phonemedict slider movement callback
2021-10-26 11:38:25,837:19732:INFO:Phonemedict slider movement callback
2021-10-26 11:38:25,947:19732:INFO:Phonemedict slider movement callback
2021-10-26 11:38:26,063:19732:INFO:Phonemedict slider movement callback
2021-10-26 11:38:26,197:19732:INFO:Phonemedict slider movement callback
2021-10-26 11:38:26,309:19732:INFO:Phonemedict slider movement callback
2021-10-26 11:38:26,420:19732:INFO:Phonemedict slider movement callback
2021-10-26 11:38:26,532:19732:INFO:Phonemedict slider movement callback
2021-10-26 11:38:26,646:19732:INFO:Phonemedict slider movement callback
2021-10-26 11:38:26,785:19732:INFO:Phonemedict slider movement callback
2021-10-26 11:38:26,914:19732:INFO:Phonemedict slider movement callback
2021-10-26 11:38:27,044:19732:INFO:Phonemedict slider movement callback
2021-10-26 11:38:27,155:19732:INFO:Phonemedict slider movement callback
2021-10-26 11:38:27,271:19732:INFO:Phonemedict slider movement callback
2021-10-26 11:38:27,397:19732:INFO:Phonemedict slider movement callback
2021-10-26 11:38:27,537:19732:INFO:Phonemedict slider movement callback
2021-10-26 11:38:27,657:19732:INFO:Phonemedict slider movement callback
2021-10-26 11:38:27,781:19732:INFO:Phonemedict slider movement callback
2021-10-26 11:38:27,898:19732:INFO:Phonemedict slider movement callback
2021-10-26 11:38:28,033:19732:INFO:Phonemedict slider movement callback
2021-10-26 11:38:28,145:19732:INFO:Phonemedict slider movement callback
2021-10-26 11:38:28,257:19732:INFO:Phonemedict slider movement callback
2021-10-26 11:38:28,371:19732:INFO:Phonemedict slider movement callback
2021-10-26 11:38:28,495:19732:INFO:Phonemedict slider movement callback
2021-10-26 11:38:28,606:19732:INFO:Phonemedict slider movement callback
2021-10-26 11:38:28,715:19732:INFO:Phonemedict slider movement callback
2021-10-26 11:38:28,832:19732:INFO:Phonemedict slider movement callback
2021-10-26 11:38:28,951:19732:INFO:Phonemedict slider movement callback
2021-10-26 11:38:29,062:19732:INFO:Phonemedict slider movement callback
2021-10-26 11:38:29,182:19732:INFO:Phonemedict slider movement callback
2021-10-26 11:38:29,310:19732:INFO:Phonemedict slider movement callback
2021-10-26 11:38:29,425:19732:INFO:Phonemedict slider movement callback
2021-10-26 11:38:29,939:19732:INFO:Phonemedict slider movement callback
2021-10-26 11:38:30,066:19732:INFO:Phonemedict slider movement callback
2021-10-26 11:38:30,190:19732:INFO:Phonemedict slider movement callback
2021-10-26 11:38:30,302:19732:INFO:Phonemedict slider movement callback
2021-10-26 11:38:30,422:19732:INFO:Phonemedict slider movement callback
2021-10-26 11:38:30,589:19732:INFO:Phonemedict slider movement callback
2021-10-26 11:38:30,703:19732:INFO:Phonemedict slider movement callback
2021-10-26 11:38:30,821:19732:INFO:Phonemedict slider movement callback
2021-10-26 11:38:30,932:19732:INFO:Phonemedict slider movement callback
2021-10-26 11:38:31,041:19732:INFO:Phonemedict slider movement callback
2021-10-26 11:38:31,149:19732:INFO:Phonemedict slider movement callback
2021-10-26 11:38:31,264:19732:INFO:Phonemedict slider movement callback
2021-10-26 11:38:31,373:19732:INFO:Phonemedict slider movement callback
2021-10-26 11:38:31,482:19732:INFO:Phonemedict slider movement callback
2021-10-26 11:38:31,597:19732:INFO:Phonemedict slider movement callback
2021-10-26 11:38:31,720:19732:INFO:Phonemedict slider movement callback
2021-10-26 11:38:31,850:19732:INFO:Phonemedict slider movement callback
2021-10-26 11:38:31,958:19732:INFO:Phonemedict slider movement callback
2021-10-26 11:38:32,077:19732:INFO:Phonemedict slider movement callback
2021-10-26 11:38:32,189:19732:INFO:Phonemedict slider movement callback
2021-10-26 11:38:32,301:19732:INFO:Phonemedict slider movement callback
2021-10-26 11:38:32,418:19732:INFO:Phonemedict slider movement callback
2021-10-26 11:38:32,540:19732:INFO:Phonemedict slider movement callback
2021-10-26 11:38:32,650:19732:INFO:Phonemedict slider movement callback
2021-10-26 11:38:32,775:19732:INFO:Phonemedict slider movement callback
2021-10-26 11:38:33,967:19732:INFO:Phonemedict selection change callback
2021-10-26 11:38:33,968:19732:INFO:Phonemedict slider properties update callback
2021-10-26 11:38:33,969:19732:INFO:Phonemedict slider movement callback
2021-10-26 11:38:35,452:19732:INFO:Phonemedict slider movement callback
2021-10-26 11:38:35,561:19732:INFO:Phonemedict slider movement callback
2021-10-26 11:38:35,671:19732:INFO:Phonemedict slider movement callback
2021-10-26 11:38:35,793:19732:INFO:Phonemedict slider movement callback
2021-10-26 11:38:35,907:19732:INFO:Phonemedict slider movement callback
2021-10-26 11:38:36,026:19732:INFO:Phonemedict slider movement callback
2021-10-26 11:38:36,136:19732:INFO:Phonemedict slider movement callback
2021-10-26 11:38:36,247:19732:INFO:Phonemedict slider movement callback
2021-10-26 11:38:36,356:19732:INFO:Phonemedict slider movement callback
2021-10-26 11:38:36,487:19732:INFO:Phonemedict slider movement callback
2021-10-26 11:38:36,608:19732:INFO:Phonemedict slider movement callback
2021-10-26 11:38:36,719:19732:INFO:Phonemedict slider movement callback
2021-10-26 11:38:36,835:19732:INFO:Phonemedict slider movement callback
2021-10-26 11:38:36,967:19732:INFO:Phonemedict slider movement callback
2021-10-26 11:38:37,080:19732:INFO:Phonemedict slider movement callback
2021-10-26 11:38:37,192:19732:INFO:Phonemedict slider movement callback
2021-10-26 11:38:37,303:19732:INFO:Phonemedict slider movement callback
2021-10-26 11:38:37,456:19732:INFO:Phonemedict slider movement callback
2021-10-26 11:38:37,566:19732:INFO:Phonemedict slider movement callback
2021-10-26 11:38:37,677:19732:INFO:Phonemedict slider movement callback
2021-10-26 11:38:37,788:19732:INFO:Phonemedict slider movement callback
2021-10-26 11:38:37,903:19732:INFO:Phonemedict slider movement callback
2021-10-26 11:38:38,015:19732:INFO:Phonemedict slider movement callback
2021-10-26 11:38:38,133:19732:INFO:Phonemedict slider movement callback
2021-10-26 11:38:38,258:19732:INFO:Phonemedict slider movement callback
2021-10-26 11:38:38,372:19732:INFO:Phonemedict slider movement callback
2021-10-26 11:38:38,484:19732:INFO:Phonemedict slider movement callback
2021-10-26 11:38:38,600:19732:INFO:Phonemedict slider movement callback
2021-10-26 11:38:38,730:19732:INFO:Phonemedict slider movement callback
2021-10-26 11:38:38,857:19732:INFO:Phonemedict slider movement callback
2021-10-26 11:38:38,970:19732:INFO:Phonemedict slider movement callback
2021-10-26 11:38:39,081:19732:INFO:Phonemedict slider movement callback
2021-10-26 11:38:39,192:19732:INFO:Phonemedict slider movement callback
2021-10-26 11:38:39,327:19732:INFO:Phonemedict slider movement callback
2021-10-26 11:38:39,439:19732:INFO:Phonemedict slider movement callback
2021-10-26 11:38:39,558:19732:INFO:Phonemedict slider movement callback
2021-10-26 11:38:39,670:19732:INFO:Phonemedict slider movement callback
2021-10-26 11:38:39,807:19732:INFO:Phonemedict slider movement callback
2021-10-26 11:38:39,934:19732:INFO:Phonemedict slider movement callback
2021-10-26 11:38:40,050:19732:INFO:Phonemedict slider movement callback
2021-10-26 11:38:40,169:19732:INFO:Phonemedict slider movement callback
2021-10-26 11:38:40,291:19732:INFO:Phonemedict slider movement callback
2021-10-26 11:38:40,426:19732:INFO:Phonemedict slider movement callback
2021-10-26 11:38:40,537:19732:INFO:Phonemedict slider movement callback
2021-10-26 11:38:40,654:19732:INFO:Phonemedict slider movement callback
2021-10-26 11:38:40,776:19732:INFO:Phonemedict slider movement callback
2021-10-26 11:38:40,904:19732:INFO:Phonemedict slider movement callback
2021-10-26 11:38:41,035:19732:INFO:Phonemedict slider movement callback
2021-10-26 11:38:41,145:19732:INFO:Phonemedict slider movement callback
2021-10-26 11:38:41,268:19732:INFO:Phonemedict slider movement callback
2021-10-26 11:38:41,386:19732:INFO:Phonemedict slider movement callback
2021-10-26 11:38:41,507:19732:INFO:Phonemedict slider movement callback
2021-10-26 11:38:41,629:19732:INFO:Phonemedict slider movement callback
2021-10-26 11:38:41,741:19732:INFO:Phonemedict slider movement callback
2021-10-26 11:38:41,913:19732:INFO:Phonemedict slider movement callback
2021-10-26 11:38:42,025:19732:INFO:Phonemedict slider movement callback
2021-10-26 11:38:42,148:19732:INFO:Phonemedict slider movement callback
2021-10-26 11:38:42,274:19732:INFO:Phonemedict slider movement callback
2021-10-26 11:38:42,411:19732:INFO:Phonemedict slider movement callback
2021-10-26 11:38:42,547:19732:INFO:Phonemedict slider movement callback
2021-10-26 11:38:42,672:19732:INFO:Phonemedict slider movement callback
2021-10-26 11:38:42,786:19732:INFO:Phonemedict slider movement callback
2021-10-26 11:38:42,900:19732:INFO:Phonemedict slider movement callback
2021-10-26 11:38:43,023:19732:INFO:Phonemedict slider movement callback
2021-10-26 11:38:43,158:19732:INFO:Phonemedict slider movement callback
2021-10-26 11:38:43,294:19732:INFO:Phonemedict slider movement callback
2021-10-26 11:38:43,420:19732:INFO:Phonemedict slider movement callback
2021-10-26 11:38:43,541:19732:INFO:Phonemedict slider movement callback
2021-10-26 11:38:43,652:19732:INFO:Phonemedict slider movement callback
2021-10-26 11:38:43,766:19732:INFO:Phonemedict slider movement callback
2021-10-26 11:38:43,892:19732:INFO:Phonemedict slider movement callback
2021-10-26 11:38:44,023:19732:INFO:Phonemedict slider movement callback
2021-10-26 11:38:45,381:19732:INFO:Phonemedict OK button callback
2021-10-26 11:38:45,381:19732:INFO:Phonemedict key change callback
2021-10-26 11:38:45,381:19732:INFO:Phonemedict pitch update callback
2021-10-26 11:38:45,381:19732:INFO:Phonemedict spectral update callback
